#! /usr/local/bin/vvp
:ivl_version "11.0 (devel)" "(s20150603-653-g41ac0b2)";
:ivl_delay_selection "TYPICAL";
:vpi_time_precision - 12;
:vpi_module "system";
:vpi_module "vhdl_sys";
:vpi_module "vhdl_textio";
:vpi_module "v2005_math";
:vpi_module "va_math";
S_0x1a5f5f0 .scope module, "ROM_tb" "ROM_tb" 2 21;
 .timescale -9 -12;
v0x1a6fc00_0 .var "A", 3 0;
v0x1a6fcf0_0 .net "D", 5 0, v0x1a6f9f0_0;  1 drivers
S_0x1a5f780 .scope module, "rom1" "ROM" 2 26, 2 3 0, S_0x1a5f5f0;
 .timescale -9 -12;
    .port_info 0 /INPUT 4 "A";
    .port_info 1 /OUTPUT 6 "D";
v0x1a5d7f0_0 .net "A", 3 0, v0x1a6fc00_0;  1 drivers
v0x1a6f9f0_0 .var "D", 5 0;
v0x1a6fad0 .array "rom", 0 9, 5 0;
E_0x1a5e720 .event edge, v0x1a5d7f0_0;
    .scope S_0x1a5f780;
T_0 ;
    %vpi_call 2 11 "$readmemb", "Rom.txt", v0x1a6fad0, 32'sb00000000000000000000000000000000, 32'sb00000000000000000000000000001001 {0 0 0};
    %end;
    .thread T_0;
    .scope S_0x1a5f780;
T_1 ;
    %wait E_0x1a5e720;
    %load/vec4 v0x1a5d7f0_0;
    %pad/u 5;
    %ix/vec4 4;
    %load/vec4a v0x1a6fad0, 4;
    %store/vec4 v0x1a6f9f0_0, 0, 6;
    %jmp T_1;
    .thread T_1, $push;
    .scope S_0x1a5f5f0;
T_2 ;
    %vpi_call 2 33 "$dumpfile", "dump.vcd" {0 0 0};
    %vpi_call 2 34 "$dumpvars" {0 0 0};
    %pushi/vec4 0, 0, 4;
    %store/vec4 v0x1a6fc00_0, 0, 4;
T_2.0 ;
    %load/vec4 v0x1a6fc00_0;
    %pad/u 32;
    %cmpi/u 10, 0, 32;
    %jmp/0xz T_2.1, 5;
    %delay 100000, 0;
    %load/vec4 v0x1a6fc00_0;
    %addi 1, 0, 4;
    %store/vec4 v0x1a6fc00_0, 0, 4;
    %jmp T_2.0;
T_2.1 ;
    %end;
    .thread T_2;
# The file index is used to find the file name in the following table.
:file_names 3;
    "N/A";
    "<interactive>";
    "ROM.v";
