#! /usr/local/bin/vvp
:ivl_version "10.3 (stable)" "(v10_3)";
:ivl_delay_selection "TYPICAL";
:vpi_time_precision - 12;
:vpi_module "system";
:vpi_module "vhdl_sys";
:vpi_module "v2005_math";
:vpi_module "va_math";
S_0x7fffdb0941e0 .scope module, "timer" "timer" 2 8;
 .timescale -9 -12;
    .port_info 0 /INPUT 1 "rst"
    .port_info 1 /INPUT 1 "clk"
    .port_info 2 /OUTPUT 2 "hour1"
    .port_info 3 /OUTPUT 4 "hour0"
    .port_info 4 /OUTPUT 3 "min1"
    .port_info 5 /OUTPUT 4 "min0"
    .port_info 6 /INPUT 1 "sel"
    .port_info 7 /INPUT 6 "data_in"
    .port_info 8 /OUTPUT 6 "data_out"
    .port_info 9 /INPUT 1 "address"
    .port_info 10 /INPUT 1 "write_en"
o0x7fe3f9b00018 .functor BUFZ 1, C4<z>; HiZ drive
v0x7fffdb0ba500_0 .net "address", 0 0, o0x7fe3f9b00018;  0 drivers
v0x7fffdb0e2c40_0 .var "c", 25 0;
o0x7fe3f9b00078 .functor BUFZ 1, C4<z>; HiZ drive
v0x7fffdb0e2d20_0 .net "clk", 0 0, o0x7fe3f9b00078;  0 drivers
o0x7fe3f9b000a8 .functor BUFZ 6, C4<zzzzzz>; HiZ drive
v0x7fffdb0e2dc0_0 .net "data_in", 5 0, o0x7fe3f9b000a8;  0 drivers
o0x7fe3f9b000d8 .functor BUFZ 6, C4<zzzzzz>; HiZ drive
v0x7fffdb0e2ea0_0 .net "data_out", 5 0, o0x7fe3f9b000d8;  0 drivers
v0x7fffdb0e2fd0_0 .var "hour0", 3 0;
v0x7fffdb0e30b0_0 .var "hour1", 1 0;
v0x7fffdb0e3190_0 .var "min0", 3 0;
v0x7fffdb0e3270_0 .var "min1", 2 0;
o0x7fe3f9b001c8 .functor BUFZ 1, C4<z>; HiZ drive
v0x7fffdb0e3350_0 .net "rst", 0 0, o0x7fe3f9b001c8;  0 drivers
v0x7fffdb0e3410_0 .var "s", 5 0;
o0x7fe3f9b00228 .functor BUFZ 1, C4<z>; HiZ drive
v0x7fffdb0e34f0_0 .net "sel", 0 0, o0x7fe3f9b00228;  0 drivers
o0x7fe3f9b00258 .functor BUFZ 1, C4<z>; HiZ drive
v0x7fffdb0e35b0_0 .net "write_en", 0 0, o0x7fe3f9b00258;  0 drivers
E_0x7fffdb094700 .event posedge, v0x7fffdb0e2d20_0;
    .scope S_0x7fffdb0941e0;
T_0 ;
    %wait E_0x7fffdb094700;
    %load/vec4 v0x7fffdb0e3350_0;
    %flag_set/vec4 8;
    %jmp/0xz  T_0.0, 8;
    %pushi/vec4 0, 0, 6;
    %assign/vec4 v0x7fffdb0e3410_0, 0;
    %pushi/vec4 0, 0, 4;
    %assign/vec4 v0x7fffdb0e3190_0, 0;
    %pushi/vec4 0, 0, 3;
    %assign/vec4 v0x7fffdb0e3270_0, 0;
    %pushi/vec4 0, 0, 4;
    %assign/vec4 v0x7fffdb0e2fd0_0, 0;
    %pushi/vec4 0, 0, 2;
    %assign/vec4 v0x7fffdb0e30b0_0, 0;
    %pushi/vec4 0, 0, 26;
    %assign/vec4 v0x7fffdb0e2c40_0, 0;
    %jmp T_0.1;
T_0.0 ;
    %load/vec4 v0x7fffdb0e2c40_0;
    %pad/u 32;
    %cmpi/e 49999999, 0, 32;
    %jmp/0xz  T_0.2, 4;
    %pushi/vec4 0, 0, 26;
    %assign/vec4 v0x7fffdb0e2c40_0, 0;
    %jmp T_0.3;
T_0.2 ;
    %load/vec4 v0x7fffdb0e2c40_0;
    %addi 1, 0, 26;
    %assign/vec4 v0x7fffdb0e2c40_0, 0;
T_0.3 ;
T_0.1 ;
    %load/vec4 v0x7fffdb0e2c40_0;
    %pad/u 32;
    %cmpi/e 49999999, 0, 32;
    %jmp/0xz  T_0.4, 4;
    %load/vec4 v0x7fffdb0e3410_0;
    %addi 1, 0, 6;
    %assign/vec4 v0x7fffdb0e3410_0, 0;
    %load/vec4 v0x7fffdb0e3410_0;
    %pad/u 32;
    %cmpi/e 59, 0, 32;
    %jmp/0xz  T_0.6, 4;
    %pushi/vec4 0, 0, 6;
    %assign/vec4 v0x7fffdb0e3410_0, 0;
T_0.6 ;
T_0.4 ;
    %load/vec4 v0x7fffdb0e3410_0;
    %pad/u 32;
    %cmpi/e 59, 0, 32;
    %jmp/0xz  T_0.8, 4;
    %load/vec4 v0x7fffdb0e3190_0;
    %addi 1, 0, 4;
    %assign/vec4 v0x7fffdb0e3190_0, 0;
    %load/vec4 v0x7fffdb0e3190_0;
    %pad/u 32;
    %cmpi/e 9, 0, 32;
    %jmp/0xz  T_0.10, 4;
    %pushi/vec4 0, 0, 4;
    %assign/vec4 v0x7fffdb0e3190_0, 0;
    %load/vec4 v0x7fffdb0e3270_0;
    %addi 1, 0, 3;
    %assign/vec4 v0x7fffdb0e3270_0, 0;
    %load/vec4 v0x7fffdb0e3270_0;
    %pad/u 32;
    %cmpi/e 5, 0, 32;
    %jmp/0xz  T_0.12, 4;
    %pushi/vec4 0, 0, 3;
    %assign/vec4 v0x7fffdb0e3270_0, 0;
T_0.12 ;
T_0.10 ;
T_0.8 ;
    %load/vec4 v0x7fffdb0e3270_0;
    %pad/u 32;
    %pushi/vec4 5, 0, 32;
    %cmp/e;
    %flag_get/vec4 4;
    %load/vec4 v0x7fffdb0e3190_0;
    %pad/u 32;
    %pushi/vec4 9, 0, 32;
    %cmp/e;
    %flag_get/vec4 4;
    %and;
    %flag_set/vec4 8;
    %jmp/0xz  T_0.14, 8;
    %load/vec4 v0x7fffdb0e2fd0_0;
    %addi 1, 0, 4;
    %assign/vec4 v0x7fffdb0e2fd0_0, 0;
    %load/vec4 v0x7fffdb0e2fd0_0;
    %pad/u 32;
    %cmpi/e 9, 0, 32;
    %jmp/0xz  T_0.16, 4;
    %pushi/vec4 0, 0, 4;
    %assign/vec4 v0x7fffdb0e2fd0_0, 0;
    %load/vec4 v0x7fffdb0e30b0_0;
    %addi 1, 0, 2;
    %assign/vec4 v0x7fffdb0e30b0_0, 0;
    %load/vec4 v0x7fffdb0e30b0_0;
    %pad/u 32;
    %pushi/vec4 2, 0, 32;
    %cmp/e;
    %flag_get/vec4 4;
    %load/vec4 v0x7fffdb0e2fd0_0;
    %pad/u 32;
    %pushi/vec4 3, 0, 32;
    %cmp/e;
    %flag_get/vec4 4;
    %and;
    %flag_set/vec4 8;
    %jmp/0xz  T_0.18, 8;
    %pushi/vec4 0, 0, 4;
    %assign/vec4 v0x7fffdb0e2fd0_0, 0;
    %pushi/vec4 0, 0, 2;
    %assign/vec4 v0x7fffdb0e30b0_0, 0;
T_0.18 ;
T_0.16 ;
T_0.14 ;
    %jmp T_0;
    .thread T_0;
# The file index is used to find the file name in the following table.
:file_names 3;
    "N/A";
    "<interactive>";
    "timer.v";
