#! /usr/local/bin/vvp
:ivl_version "11.0 (devel)" "(s20150603-653-g41ac0b2)";
:ivl_delay_selection "TYPICAL";
:vpi_time_precision - 12;
:vpi_module "system";
:vpi_module "vhdl_sys";
:vpi_module "vhdl_textio";
:vpi_module "v2005_math";
:vpi_module "va_math";
:vpi_module "v2009";
S_0x2722ef0 .scope package, "$unit" "$unit" 2 1;
 .timescale 0 0;
S_0x27220d0 .scope module, "xtop_tb" "xtop_tb" 3 5;
 .timescale -9 -12;
P_0x2788c00 .param/l "clk_period" 0 3 8, +C4<00000000000000000000000000001010>;
v0x27c3510_0 .array/port v0x27c3510, 0;
L_0x27de2c0 .functor BUFZ 32, v0x27c3510_0, C4<00000000000000000000000000000000>, C4<00000000000000000000000000000000>, C4<00000000000000000000000000000000>;
v0x27c3510_1 .array/port v0x27c3510, 1;
L_0x27de330 .functor BUFZ 32, v0x27c3510_1, C4<00000000000000000000000000000000>, C4<00000000000000000000000000000000>, C4<00000000000000000000000000000000>;
v0x27c3510_2 .array/port v0x27c3510, 2;
L_0x27de400 .functor BUFZ 32, v0x27c3510_2, C4<00000000000000000000000000000000>, C4<00000000000000000000000000000000>, C4<00000000000000000000000000000000>;
v0x27c3510_3 .array/port v0x27c3510, 3;
L_0x27de4d0 .functor BUFZ 32, v0x27c3510_3, C4<00000000000000000000000000000000>, C4<00000000000000000000000000000000>, C4<00000000000000000000000000000000>;
v0x27c3510_4 .array/port v0x27c3510, 4;
L_0x27de5d0 .functor BUFZ 32, v0x27c3510_4, C4<00000000000000000000000000000000>, C4<00000000000000000000000000000000>, C4<00000000000000000000000000000000>;
v0x27c3510_5 .array/port v0x27c3510, 5;
L_0x27de670 .functor BUFZ 32, v0x27c3510_5, C4<00000000000000000000000000000000>, C4<00000000000000000000000000000000>, C4<00000000000000000000000000000000>;
v0x27c3510_6 .array/port v0x27c3510, 6;
L_0x27de740 .functor BUFZ 32, v0x27c3510_6, C4<00000000000000000000000000000000>, C4<00000000000000000000000000000000>, C4<00000000000000000000000000000000>;
v0x27c3510_7 .array/port v0x27c3510, 7;
L_0x27de7e0 .functor BUFZ 32, v0x27c3510_7, C4<00000000000000000000000000000000>, C4<00000000000000000000000000000000>, C4<00000000000000000000000000000000>;
v0x27c3510_8 .array/port v0x27c3510, 8;
L_0x27de900 .functor BUFZ 32, v0x27c3510_8, C4<00000000000000000000000000000000>, C4<00000000000000000000000000000000>, C4<00000000000000000000000000000000>;
v0x27c3510_9 .array/port v0x27c3510, 9;
L_0x27de9d0 .functor BUFZ 32, v0x27c3510_9, C4<00000000000000000000000000000000>, C4<00000000000000000000000000000000>, C4<00000000000000000000000000000000>;
v0x27c3510_10 .array/port v0x27c3510, 10;
L_0x27deaa0 .functor BUFZ 32, v0x27c3510_10, C4<00000000000000000000000000000000>, C4<00000000000000000000000000000000>, C4<00000000000000000000000000000000>;
v0x27c3510_11 .array/port v0x27c3510, 11;
L_0x27deb70 .functor BUFZ 32, v0x27c3510_11, C4<00000000000000000000000000000000>, C4<00000000000000000000000000000000>, C4<00000000000000000000000000000000>;
v0x27c3510_12 .array/port v0x27c3510, 12;
L_0x27decb0 .functor BUFZ 32, v0x27c3510_12, C4<00000000000000000000000000000000>, C4<00000000000000000000000000000000>, C4<00000000000000000000000000000000>;
v0x27c3510_13 .array/port v0x27c3510, 13;
L_0x27ded80 .functor BUFZ 32, v0x27c3510_13, C4<00000000000000000000000000000000>, C4<00000000000000000000000000000000>, C4<00000000000000000000000000000000>;
v0x27c3510_14 .array/port v0x27c3510, 14;
L_0x27dec40 .functor BUFZ 32, v0x27c3510_14, C4<00000000000000000000000000000000>, C4<00000000000000000000000000000000>, C4<00000000000000000000000000000000>;
v0x27c3510_15 .array/port v0x27c3510, 15;
L_0x27deeb0 .functor BUFZ 32, v0x27c3510_15, C4<00000000000000000000000000000000>, C4<00000000000000000000000000000000>, C4<00000000000000000000000000000000>;
v0x27c5230_0 .var "clk", 0 0;
v0x27c52f0 .array "data", 0 15, 31 0;
v0x27c53b0_0 .var/i "k", 31 0;
v0x27c5470_0 .net "par_addr", 13 0, L_0x27c69d0;  1 drivers
v0x27c5530_0 .var "par_in", 31 0;
v0x27c5620_0 .net "par_out", 31 0, L_0x27c6cc0;  1 drivers
v0x27c56c0_0 .net "par_we", 0 0, L_0x27c6e10;  1 drivers
v0x27c5760_0 .net "r0", 31 0, L_0x27de2c0;  1 drivers
v0x27c5820_0 .net "r1", 31 0, L_0x27de330;  1 drivers
v0x27c5990_0 .net "r10", 31 0, L_0x27deaa0;  1 drivers
v0x27c5a70_0 .net "r11", 31 0, L_0x27deb70;  1 drivers
v0x27c5b50_0 .net "r12", 31 0, L_0x27decb0;  1 drivers
v0x27c5c30_0 .net "r13", 31 0, L_0x27ded80;  1 drivers
v0x27c5d10_0 .net "r14", 31 0, L_0x27dec40;  1 drivers
v0x27c5df0_0 .net "r15", 31 0, L_0x27deeb0;  1 drivers
v0x27c5ed0_0 .net "r2", 31 0, L_0x27de400;  1 drivers
v0x27c5fb0_0 .net "r3", 31 0, L_0x27de4d0;  1 drivers
v0x27c6160_0 .net "r4", 31 0, L_0x27de5d0;  1 drivers
v0x27c6200_0 .net "r5", 31 0, L_0x27de670;  1 drivers
v0x27c62e0_0 .net "r6", 31 0, L_0x27de740;  1 drivers
v0x27c63c0_0 .net "r7", 31 0, L_0x27de7e0;  1 drivers
v0x27c64a0_0 .net "r8", 31 0, L_0x27de900;  1 drivers
v0x27c6580_0 .net "r9", 31 0, L_0x27de9d0;  1 drivers
v0x27c6660_0 .var "rst", 0 0;
v0x27c6700_0 .var/i "start_time", 31 0;
v0x27c67e0_0 .net "trap", 0 0, v0x27b7df0_0;  1 drivers
S_0x2790fe0 .scope module, "uut" "xtop" 3 31, 4 4 0, S_0x27220d0;
 .timescale -9 -12;
    .port_info 0 /INPUT 1 "clk";
    .port_info 1 /INPUT 1 "rst";
    .port_info 2 /OUTPUT 1 "trap";
    .port_info 3 /OUTPUT 14 "par_addr";
    .port_info 4 /INPUT 32 "par_in";
    .port_info 5 /OUTPUT 1 "par_re";
    .port_info 6 /OUTPUT 32 "par_out";
    .port_info 7 /OUTPUT 1 "par_we";
L_0x27c6880 .functor BUFZ 32, v0x27c5530_0, C4<00000000000000000000000000000000>, C4<00000000000000000000000000000000>, C4<00000000000000000000000000000000>;
L_0x27c6ae0 .functor NOT 1, L_0x27dbc00, C4<0>, C4<0>, C4<0>;
L_0x27c6c00 .functor AND 1, v0x27b7790_0, L_0x27c6ae0, C4<1>, C4<1>;
L_0x27c6cc0 .functor BUFZ 32, L_0x27dc3d0, C4<00000000000000000000000000000000>, C4<00000000000000000000000000000000>, C4<00000000000000000000000000000000>;
L_0x27c6e10 .functor AND 1, v0x27b7790_0, L_0x27dbc00, C4<1>, C4<1>;
L_0x27ddd80 .functor AND 1, v0x27b7500_0, L_0x27dbc00, C4<1>, C4<1>;
L_0x27c6b70 .functor AND 1, v0x27b78a0_0, L_0x27dbc00, C4<1>, C4<1>;
v0x27c3af0_0 .net *"_s23", 7 0, L_0x27de070;  1 drivers
v0x27c3bf0_0 .net *"_s4", 0 0, L_0x27c6ae0;  1 drivers
v0x27c3cd0_0 .net "clk", 0 0, v0x27c5230_0;  1 drivers
v0x27c3d70_0 .net "cprt_sel", 0 0, v0x27b7500_0;  1 drivers
v0x27c3e40_0 .net "data_addr", 14 0, v0x27bffd0_0;  1 drivers
v0x27c3f80_0 .net "data_sel", 0 0, L_0x27dc210;  1 drivers
v0x27c4070_0 .net "data_to_rd", 31 0, v0x27b75c0_0;  1 drivers
v0x27c4160_0 .net "data_to_wr", 31 0, L_0x27dc3d0;  1 drivers
v0x27c4220_0 .net "data_we", 0 0, L_0x27dbc00;  1 drivers
v0x27c4350_0 .net "ext_data_to_rd", 31 0, L_0x27c6880;  1 drivers
v0x27c4410_0 .net "ext_sel", 0 0, v0x27b7790_0;  1 drivers
v0x27c44b0_0 .net "instruction", 31 0, v0x27c27b0_0;  1 drivers
v0x27c4550_0 .net "led_sel", 0 0, v0x27b78a0_0;  1 drivers
v0x27c45f0_0 .net "mem_data_to_rd", 31 0, L_0x27dd8b0;  1 drivers
v0x27c46e0_0 .net "mem_sel", 0 0, v0x27b7a40_0;  1 drivers
v0x27c47d0_0 .net "par_addr", 13 0, L_0x27c69d0;  alias, 1 drivers
v0x27c4890_0 .net "par_in", 31 0, v0x27c5530_0;  1 drivers
v0x27c4a40_0 .net "par_out", 31 0, L_0x27c6cc0;  alias, 1 drivers
v0x27c4ae0_0 .net "par_re", 0 0, L_0x27c6c00;  1 drivers
v0x27c4ba0_0 .net "par_we", 0 0, L_0x27c6e10;  alias, 1 drivers
v0x27c4c60_0 .net "pc", 13 0, v0x27c0660_0;  1 drivers
v0x27c4d70_0 .net "regf_data_to_rd", 31 0, L_0x27ddb50;  1 drivers
v0x27c4e80_0 .net "regf_sel", 0 0, v0x27b7c70_0;  1 drivers
v0x27c4f70_0 .net "rst", 0 0, v0x27c6660_0;  1 drivers
v0x27c5060_0 .net "trap", 0 0, v0x27b7df0_0;  alias, 1 drivers
L_0x27c69d0 .part v0x27bffd0_0, 0, 14;
L_0x27dd920 .part v0x27bffd0_0, 0, 14;
L_0x27ddc90 .part v0x27bffd0_0, 0, 4;
L_0x27ddf50 .part L_0x27dc3d0, 0, 8;
L_0x27de070 .part L_0x27dc3d0, 0, 8;
L_0x27de220 .part L_0x27de070, 0, 1;
S_0x27913c0 .scope module, "addr_decoder" "xaddr_decoder" 4 114, 5 2 0, S_0x2790fe0;
 .timescale -9 -12;
    .port_info 0 /INPUT 15 "addr";
    .port_info 1 /INPUT 1 "sel";
    .port_info 2 /OUTPUT 1 "mem_sel";
    .port_info 3 /INPUT 32 "mem_data_to_rd";
    .port_info 4 /OUTPUT 1 "regf_sel";
    .port_info 5 /INPUT 32 "regf_data_to_rd";
    .port_info 6 /OUTPUT 1 "cprt_sel";
    .port_info 7 /OUTPUT 1 "led_sel";
    .port_info 8 /OUTPUT 1 "ext_sel";
    .port_info 9 /INPUT 32 "ext_data_to_rd";
    .port_info 10 /OUTPUT 1 "trap_sel";
    .port_info 11 /OUTPUT 32 "data_to_rd";
v0x2792690_0 .net "addr", 14 0, v0x27bffd0_0;  alias, 1 drivers
v0x27b7500_0 .var "cprt_sel", 0 0;
v0x27b75c0_0 .var "data_to_rd", 31 0;
v0x27b76b0_0 .net "ext_data_to_rd", 31 0, L_0x27c6880;  alias, 1 drivers
v0x27b7790_0 .var "ext_sel", 0 0;
v0x27b78a0_0 .var "led_sel", 0 0;
v0x27b7960_0 .net "mem_data_to_rd", 31 0, L_0x27dd8b0;  alias, 1 drivers
v0x27b7a40_0 .var "mem_sel", 0 0;
v0x27b7b00_0 .net "regf_data_to_rd", 31 0, L_0x27ddb50;  alias, 1 drivers
v0x27b7c70_0 .var "regf_sel", 0 0;
v0x27b7d30_0 .net "sel", 0 0, L_0x27dc210;  alias, 1 drivers
v0x27b7df0_0 .var "trap_sel", 0 0;
E_0x278feb0/0 .event edge, v0x27b7a40_0, v0x27b7960_0, v0x27b7c70_0, v0x27b7b00_0;
E_0x278feb0/1 .event edge, v0x27b7790_0, v0x27b76b0_0;
E_0x278feb0 .event/or E_0x278feb0/0, E_0x278feb0/1;
E_0x2786350 .event edge, v0x2792690_0, v0x27b7d30_0;
S_0x27b80a0 .scope module, "controller" "xctrl" 4 69, 6 7 0, S_0x2790fe0;
 .timescale -9 -12;
    .port_info 0 /INPUT 1 "clk";
    .port_info 1 /INPUT 1 "rst";
    .port_info 2 /OUTPUT 14 "pc";
    .port_info 3 /INPUT 32 "instruction";
    .port_info 4 /OUTPUT 1 "mem_sel";
    .port_info 5 /OUTPUT 1 "mem_we";
    .port_info 6 /OUTPUT 15 "mem_addr";
    .port_info 7 /INPUT 32 "mem_data_from";
    .port_info 8 /OUTPUT 32 "mem_data_to";
L_0x27d7310 .functor OR 1, L_0x27d6f50, L_0x27d71d0, C4<0>, C4<0>;
L_0x27d7960 .functor OR 1, L_0x27d7560, L_0x27d77d0, C4<0>, C4<0>;
L_0x27d7a70 .functor OR 1, L_0x27d7310, L_0x27d7960, C4<0>, C4<0>;
L_0x27d80a0 .functor OR 1, L_0x27d7d00, L_0x27d7ef0, C4<0>, C4<0>;
L_0x27d8030 .functor OR 1, L_0x27d82a0, L_0x27d8610, C4<0>, C4<0>;
L_0x27d8b70 .functor OR 1, L_0x27d8a80, L_0x27d8cb0, C4<0>, C4<0>;
L_0x27d8df0 .functor OR 1, L_0x27d8b70, L_0x27d9030, C4<0>, C4<0>;
L_0x27d9500 .functor OR 1, L_0x27d93c0, L_0x27d9620, C4<0>, C4<0>;
L_0x27d9760 .functor AND 1, L_0x27d8df0, L_0x27d99d0, C4<1>, C4<1>;
L_0x27d9c50 .functor OR 1, L_0x27d9760, L_0x27d9500, C4<0>, C4<0>;
L_0x27d9d60 .functor OR 1, L_0x27d8030, L_0x27d9500, C4<0>, C4<0>;
L_0x27d9dd0 .functor OR 1, L_0x27d9d60, L_0x27d8df0, C4<0>, C4<0>;
L_0x27d9f00 .functor OR 1, L_0x27d7310, L_0x27d8030, C4<0>, C4<0>;
L_0x27da1a0 .functor OR 1, L_0x27da060, L_0x27d8500, C4<0>, C4<0>;
L_0x27d9e90 .functor OR 1, L_0x27da1a0, L_0x27d8970, C4<0>, C4<0>;
L_0x27da9b0 .functor OR 1, L_0x27d9e90, L_0x27dab70, C4<0>, C4<0>;
L_0x27dba30 .functor OR 1, L_0x27d80a0, L_0x27d7960, C4<0>, C4<0>;
L_0x27dbaf0 .functor OR 1, L_0x27dba30, L_0x27d9c50, C4<0>, C4<0>;
L_0x27dbec0 .functor AND 1, L_0x27dbaf0, L_0x27db860, C4<1>, C4<1>;
L_0x27dc210 .functor AND 1, L_0x27dbec0, L_0x27dbd80, C4<1>, C4<1>;
L_0x27dbc00 .functor BUFZ 1, L_0x27d80a0, C4<0>, C4<0>, C4<0>;
L_0x27dc3d0 .functor BUFZ 32, v0x27c0740_0, C4<00000000000000000000000000000000>, C4<00000000000000000000000000000000>, C4<00000000000000000000000000000000>;
L_0x27dc7a0 .functor AND 32, v0x27c0740_0, L_0x27dc550, C4<11111111111111111111111111111111>, C4<11111111111111111111111111111111>;
L_0x27dd180 .functor XOR 32, v0x27c0740_0, L_0x27dc550, C4<00000000000000000000000000000000>, C4<00000000000000000000000000000000>;
v0x27b8540_0 .net *"_s0", 31 0, L_0x27c6e80;  1 drivers
v0x27b8640_0 .net *"_s102", 31 0, L_0x27d92d0;  1 drivers
L_0x7fe161870648 .functor BUFT 1, C4<0000000000000000000000000000>, C4<0>, C4<0>, C4<0>;
v0x27b8720_0 .net *"_s105", 27 0, L_0x7fe161870648;  1 drivers
L_0x7fe161870690 .functor BUFT 1, C4<00000000000000000000000000000100>, C4<0>, C4<0>, C4<0>;
v0x27b8810_0 .net/2u *"_s106", 31 0, L_0x7fe161870690;  1 drivers
v0x27b88f0_0 .net *"_s108", 0 0, L_0x27d93c0;  1 drivers
L_0x7fe1618700a8 .functor BUFT 1, C4<0000000000000000000000000000>, C4<0>, C4<0>, C4<0>;
v0x27b8a00_0 .net *"_s11", 27 0, L_0x7fe1618700a8;  1 drivers
v0x27b8ae0_0 .net *"_s110", 31 0, L_0x27d9170;  1 drivers
L_0x7fe1618706d8 .functor BUFT 1, C4<0000000000000000000000000000>, C4<0>, C4<0>, C4<0>;
v0x27b8bc0_0 .net *"_s113", 27 0, L_0x7fe1618706d8;  1 drivers
L_0x7fe161870720 .functor BUFT 1, C4<00000000000000000000000000000101>, C4<0>, C4<0>, C4<0>;
v0x27b8ca0_0 .net/2u *"_s114", 31 0, L_0x7fe161870720;  1 drivers
v0x27b8e10_0 .net *"_s116", 0 0, L_0x27d9620;  1 drivers
L_0x7fe1618700f0 .functor BUFT 1, C4<00000000000000000000000000000111>, C4<0>, C4<0>, C4<0>;
v0x27b8ed0_0 .net/2u *"_s12", 31 0, L_0x7fe1618700f0;  1 drivers
v0x27b8fb0_0 .net *"_s120", 31 0, L_0x27d98e0;  1 drivers
L_0x7fe161870768 .functor BUFT 1, C4<0000000000000000000000000000>, C4<0>, C4<0>, C4<0>;
v0x27b9090_0 .net *"_s123", 27 0, L_0x7fe161870768;  1 drivers
L_0x7fe1618707b0 .functor BUFT 1, C4<00000000000000000000000000000000>, C4<0>, C4<0>, C4<0>;
v0x27b9170_0 .net/2u *"_s124", 31 0, L_0x7fe1618707b0;  1 drivers
v0x27b9250_0 .net *"_s126", 0 0, L_0x27d99d0;  1 drivers
v0x27b9310_0 .net *"_s128", 0 0, L_0x27d9760;  1 drivers
v0x27b93d0_0 .net *"_s132", 0 0, L_0x27d9d60;  1 drivers
v0x27b9580_0 .net *"_s138", 31 0, L_0x27d9f70;  1 drivers
v0x27b9620_0 .net *"_s14", 0 0, L_0x27d71d0;  1 drivers
L_0x7fe1618707f8 .functor BUFT 1, C4<0000000000000000000000000000>, C4<0>, C4<0>, C4<0>;
v0x27b96e0_0 .net *"_s141", 27 0, L_0x7fe1618707f8;  1 drivers
L_0x7fe161870840 .functor BUFT 1, C4<00000000000000000000000000001100>, C4<0>, C4<0>, C4<0>;
v0x27b97c0_0 .net/2u *"_s142", 31 0, L_0x7fe161870840;  1 drivers
v0x27b98a0_0 .net *"_s144", 0 0, L_0x27da060;  1 drivers
v0x27b9960_0 .net *"_s146", 31 0, L_0x27d9b10;  1 drivers
L_0x7fe161870888 .functor BUFT 1, C4<0000000000000000000000000000>, C4<0>, C4<0>, C4<0>;
v0x27b9a40_0 .net *"_s149", 27 0, L_0x7fe161870888;  1 drivers
L_0x7fe1618708d0 .functor BUFT 1, C4<00000000000000000000000000001110>, C4<0>, C4<0>, C4<0>;
v0x27b9b20_0 .net/2u *"_s150", 31 0, L_0x7fe1618708d0;  1 drivers
v0x27b9c00_0 .net *"_s152", 0 0, L_0x27d8500;  1 drivers
v0x27b9cc0_0 .net *"_s154", 0 0, L_0x27da1a0;  1 drivers
v0x27b9d80_0 .net *"_s156", 31 0, L_0x27da660;  1 drivers
L_0x7fe161870918 .functor BUFT 1, C4<0000000000000000000000000000>, C4<0>, C4<0>, C4<0>;
v0x27b9e60_0 .net *"_s159", 27 0, L_0x7fe161870918;  1 drivers
L_0x7fe161870960 .functor BUFT 1, C4<00000000000000000000000000001101>, C4<0>, C4<0>, C4<0>;
v0x27b9f40_0 .net/2u *"_s160", 31 0, L_0x7fe161870960;  1 drivers
v0x27ba020_0 .net *"_s162", 0 0, L_0x27d8970;  1 drivers
v0x27ba0e0_0 .net *"_s164", 0 0, L_0x27d9e90;  1 drivers
v0x27ba1a0_0 .net *"_s166", 31 0, L_0x27daad0;  1 drivers
L_0x7fe1618709a8 .functor BUFT 1, C4<0000000000000000000000000000>, C4<0>, C4<0>, C4<0>;
v0x27b94b0_0 .net *"_s169", 27 0, L_0x7fe1618709a8;  1 drivers
L_0x7fe1618709f0 .functor BUFT 1, C4<00000000000000000000000000001111>, C4<0>, C4<0>, C4<0>;
v0x27ba470_0 .net/2u *"_s170", 31 0, L_0x7fe1618709f0;  1 drivers
v0x27ba550_0 .net *"_s172", 0 0, L_0x27dab70;  1 drivers
v0x27ba610_0 .net *"_s178", 31 0, L_0x27daf10;  1 drivers
v0x27ba6f0_0 .net *"_s18", 31 0, L_0x27d7420;  1 drivers
L_0x7fe161870a38 .functor BUFT 1, C4<0000000000000000000000000000>, C4<0>, C4<0>, C4<0>;
v0x27ba7d0_0 .net *"_s181", 27 0, L_0x7fe161870a38;  1 drivers
L_0x7fe161870a80 .functor BUFT 1, C4<00000000000000000000000000000111>, C4<0>, C4<0>, C4<0>;
v0x27ba8b0_0 .net/2u *"_s182", 31 0, L_0x7fe161870a80;  1 drivers
v0x27ba990_0 .net *"_s184", 0 0, L_0x27dad00;  1 drivers
v0x27baa50_0 .net *"_s187", 15 0, L_0x27db190;  1 drivers
v0x27bab30_0 .net *"_s189", 15 0, L_0x27dafb0;  1 drivers
v0x27bac10_0 .net *"_s190", 31 0, L_0x27db050;  1 drivers
v0x27bacf0_0 .net *"_s193", 0 0, L_0x27db2c0;  1 drivers
v0x27badd0_0 .net *"_s194", 3 0, L_0x27db360;  1 drivers
v0x27baeb0_0 .net *"_s197", 27 0, L_0x27db460;  1 drivers
v0x27baf90_0 .net *"_s198", 31 0, L_0x27db500;  1 drivers
v0x27bb070_0 .net *"_s202", 0 0, L_0x27dba30;  1 drivers
v0x27bb150_0 .net *"_s204", 0 0, L_0x27dbaf0;  1 drivers
v0x27bb230_0 .net *"_s206", 31 0, L_0x27dada0;  1 drivers
L_0x7fe161870ac8 .functor BUFT 1, C4<00000000000000000>, C4<0>, C4<0>, C4<0>;
v0x27bb310_0 .net *"_s209", 16 0, L_0x7fe161870ac8;  1 drivers
L_0x7fe161870138 .functor BUFT 1, C4<0000000000000000000000000000>, C4<0>, C4<0>, C4<0>;
v0x27bb3f0_0 .net *"_s21", 27 0, L_0x7fe161870138;  1 drivers
L_0x7fe161870b10 .functor BUFT 1, C4<00000000000000000100000000010000>, C4<0>, C4<0>, C4<0>;
v0x27bb4d0_0 .net/2u *"_s210", 31 0, L_0x7fe161870b10;  1 drivers
v0x27bb5b0_0 .net *"_s212", 0 0, L_0x27db860;  1 drivers
v0x27bb670_0 .net *"_s214", 0 0, L_0x27dbec0;  1 drivers
v0x27bb730_0 .net *"_s216", 31 0, L_0x27dbfd0;  1 drivers
L_0x7fe161870b58 .functor BUFT 1, C4<00000000000000000>, C4<0>, C4<0>, C4<0>;
v0x27bb810_0 .net *"_s219", 16 0, L_0x7fe161870b58;  1 drivers
L_0x7fe161870180 .functor BUFT 1, C4<00000000000000000000000000001000>, C4<0>, C4<0>, C4<0>;
v0x27bb8f0_0 .net/2u *"_s22", 31 0, L_0x7fe161870180;  1 drivers
L_0x7fe161870ba0 .functor BUFT 1, C4<00000000000000000100000000010001>, C4<0>, C4<0>, C4<0>;
v0x27bb9d0_0 .net/2u *"_s220", 31 0, L_0x7fe161870ba0;  1 drivers
v0x27bbab0_0 .net *"_s222", 0 0, L_0x27dbd80;  1 drivers
v0x27bbb70_0 .net *"_s230", 31 0, L_0x27dc320;  1 drivers
L_0x7fe161870be8 .functor BUFT 1, C4<0000000000000000000000000000>, C4<0>, C4<0>, C4<0>;
v0x27bbc50_0 .net *"_s233", 27 0, L_0x7fe161870be8;  1 drivers
L_0x7fe161870c30 .functor BUFT 1, C4<00000000000000000000000000000010>, C4<0>, C4<0>, C4<0>;
v0x27bbd30_0 .net/2u *"_s234", 31 0, L_0x7fe161870c30;  1 drivers
v0x27bbe10_0 .net *"_s236", 0 0, L_0x27dc0c0;  1 drivers
L_0x7fe161870c78 .functor BUFT 1, C4<00000000000000000000000000000000>, C4<0>, C4<0>, C4<0>;
v0x27ba240_0 .net *"_s238", 31 0, L_0x7fe161870c78;  1 drivers
v0x27ba320_0 .net *"_s24", 0 0, L_0x27d7560;  1 drivers
v0x27bc2c0_0 .net *"_s241", 31 0, L_0x27dc700;  1 drivers
v0x27bc360_0 .net *"_s245", 30 0, L_0x27dca20;  1 drivers
v0x27bc400_0 .net *"_s246", 31 0, L_0x27dc860;  1 drivers
L_0x7fe161870cc0 .functor BUFT 1, C4<0>, C4<0>, C4<0>, C4<0>;
v0x27bc4a0_0 .net *"_s249", 0 0, L_0x7fe161870cc0;  1 drivers
v0x27bc540_0 .net *"_s251", 30 0, L_0x27dcc90;  1 drivers
v0x27bc620_0 .net *"_s252", 31 0, L_0x27dcac0;  1 drivers
L_0x7fe161870d08 .functor BUFT 1, C4<0>, C4<0>, C4<0>, C4<0>;
v0x27bc700_0 .net *"_s255", 0 0, L_0x7fe161870d08;  1 drivers
v0x27bc7e0_0 .net *"_s258", 32 0, L_0x27dcd30;  1 drivers
v0x27bc8c0_0 .net *"_s26", 31 0, L_0x27d76a0;  1 drivers
L_0x7fe161870d50 .functor BUFT 1, C4<0>, C4<0>, C4<0>, C4<0>;
v0x27bc9a0_0 .net *"_s261", 0 0, L_0x7fe161870d50;  1 drivers
v0x27bca80_0 .net *"_s262", 32 0, L_0x27dce60;  1 drivers
L_0x7fe161870d98 .functor BUFT 1, C4<0>, C4<0>, C4<0>, C4<0>;
v0x27bcb60_0 .net *"_s265", 0 0, L_0x7fe161870d98;  1 drivers
L_0x7fe1618701c8 .functor BUFT 1, C4<0000000000000000000000000000>, C4<0>, C4<0>, C4<0>;
v0x27bcc40_0 .net *"_s29", 27 0, L_0x7fe1618701c8;  1 drivers
L_0x7fe161870018 .functor BUFT 1, C4<0000000000000000000000000000>, C4<0>, C4<0>, C4<0>;
v0x27bcd20_0 .net *"_s3", 27 0, L_0x7fe161870018;  1 drivers
L_0x7fe161870210 .functor BUFT 1, C4<00000000000000000000000000001010>, C4<0>, C4<0>, C4<0>;
v0x27bce00_0 .net/2u *"_s30", 31 0, L_0x7fe161870210;  1 drivers
v0x27bcee0_0 .net *"_s32", 0 0, L_0x27d77d0;  1 drivers
v0x27bcfa0_0 .net *"_s38", 31 0, L_0x27d7b80;  1 drivers
L_0x7fe161870060 .functor BUFT 1, C4<00000000000000000000000000000110>, C4<0>, C4<0>, C4<0>;
v0x27bd080_0 .net/2u *"_s4", 31 0, L_0x7fe161870060;  1 drivers
L_0x7fe161870258 .functor BUFT 1, C4<0000000000000000000000000000>, C4<0>, C4<0>, C4<0>;
v0x27bd160_0 .net *"_s41", 27 0, L_0x7fe161870258;  1 drivers
L_0x7fe1618702a0 .functor BUFT 1, C4<00000000000000000000000000001001>, C4<0>, C4<0>, C4<0>;
v0x27bd240_0 .net/2u *"_s42", 31 0, L_0x7fe1618702a0;  1 drivers
v0x27bd320_0 .net *"_s44", 0 0, L_0x27d7d00;  1 drivers
v0x27bd3e0_0 .net *"_s46", 31 0, L_0x27d7e50;  1 drivers
L_0x7fe1618702e8 .functor BUFT 1, C4<0000000000000000000000000000>, C4<0>, C4<0>, C4<0>;
v0x27bd4c0_0 .net *"_s49", 27 0, L_0x7fe1618702e8;  1 drivers
L_0x7fe161870330 .functor BUFT 1, C4<00000000000000000000000000001011>, C4<0>, C4<0>, C4<0>;
v0x27bd5a0_0 .net/2u *"_s50", 31 0, L_0x7fe161870330;  1 drivers
v0x27bd680_0 .net *"_s52", 0 0, L_0x27d7ef0;  1 drivers
v0x27bd740_0 .net *"_s56", 31 0, L_0x27d81b0;  1 drivers
L_0x7fe161870378 .functor BUFT 1, C4<0000000000000000000000000000>, C4<0>, C4<0>, C4<0>;
v0x27bd820_0 .net *"_s59", 27 0, L_0x7fe161870378;  1 drivers
v0x27bd900_0 .net *"_s6", 0 0, L_0x27d6f50;  1 drivers
L_0x7fe1618703c0 .functor BUFT 1, C4<00000000000000000000000000000000>, C4<0>, C4<0>, C4<0>;
v0x27bd9c0_0 .net/2u *"_s60", 31 0, L_0x7fe1618703c0;  1 drivers
v0x27bdaa0_0 .net *"_s62", 0 0, L_0x27d82a0;  1 drivers
v0x27bdb60_0 .net *"_s64", 31 0, L_0x27d8460;  1 drivers
L_0x7fe161870408 .functor BUFT 1, C4<0000000000000000000000000000>, C4<0>, C4<0>, C4<0>;
v0x27bdc40_0 .net *"_s67", 27 0, L_0x7fe161870408;  1 drivers
L_0x7fe161870450 .functor BUFT 1, C4<00000000000000000000000000000011>, C4<0>, C4<0>, C4<0>;
v0x27bdd20_0 .net/2u *"_s68", 31 0, L_0x7fe161870450;  1 drivers
v0x27bde00_0 .net *"_s70", 0 0, L_0x27d8610;  1 drivers
v0x27bdec0_0 .net *"_s74", 31 0, L_0x27d8880;  1 drivers
L_0x7fe161870498 .functor BUFT 1, C4<0000000000000000000000000000>, C4<0>, C4<0>, C4<0>;
v0x27bdfa0_0 .net *"_s77", 27 0, L_0x7fe161870498;  1 drivers
L_0x7fe1618704e0 .functor BUFT 1, C4<00000000000000000000000000000000>, C4<0>, C4<0>, C4<0>;
v0x27be080_0 .net/2u *"_s78", 31 0, L_0x7fe1618704e0;  1 drivers
v0x27be160_0 .net *"_s8", 31 0, L_0x27d7090;  1 drivers
v0x27be240_0 .net *"_s80", 0 0, L_0x27d8a80;  1 drivers
v0x27be300_0 .net *"_s82", 31 0, L_0x27d8c10;  1 drivers
L_0x7fe161870528 .functor BUFT 1, C4<0000000000000000000000000000>, C4<0>, C4<0>, C4<0>;
v0x27be3e0_0 .net *"_s85", 27 0, L_0x7fe161870528;  1 drivers
L_0x7fe161870570 .functor BUFT 1, C4<00000000000000000000000000000001>, C4<0>, C4<0>, C4<0>;
v0x27be4c0_0 .net/2u *"_s86", 31 0, L_0x7fe161870570;  1 drivers
v0x27be5a0_0 .net *"_s88", 0 0, L_0x27d8cb0;  1 drivers
v0x27be660_0 .net *"_s90", 0 0, L_0x27d8b70;  1 drivers
v0x27be720_0 .net *"_s92", 31 0, L_0x27d8f40;  1 drivers
L_0x7fe1618705b8 .functor BUFT 1, C4<0000000000000000000000000000>, C4<0>, C4<0>, C4<0>;
v0x27be800_0 .net *"_s95", 27 0, L_0x7fe1618705b8;  1 drivers
L_0x7fe161870600 .functor BUFT 1, C4<00000000000000000000000000000010>, C4<0>, C4<0>, C4<0>;
v0x27be8e0_0 .net/2u *"_s96", 31 0, L_0x7fe161870600;  1 drivers
v0x27be9c0_0 .net *"_s98", 0 0, L_0x27d9030;  1 drivers
v0x27bea80_0 .net "adder_res_1", 31 0, L_0x27dcf10;  1 drivers
v0x27beb60_0 .net "adder_res_2", 32 0, L_0x27dd250;  1 drivers
v0x27bec40_0 .net "alu_arith_ops", 0 0, L_0x27d8df0;  1 drivers
v0x27bed00_0 .var "alu_carry", 0 0;
v0x27bedc0_0 .net "alu_imm_ops", 0 0, L_0x27d8030;  1 drivers
v0x27bee80_0 .net "alu_logic_ops", 0 0, L_0x27d9500;  1 drivers
v0x27bef40_0 .net "alu_mem_ops", 0 0, L_0x27d9c50;  1 drivers
v0x27bf000_0 .var "alu_negative", 0 0;
v0x27bf0c0_0 .net "alu_ops", 0 0, L_0x27d9dd0;  1 drivers
v0x27bf180_0 .var "alu_overflow", 0 0;
v0x27bf240_0 .var "alu_result", 32 0;
v0x27bf320_0 .net "and_res", 31 0, L_0x27dc7a0;  1 drivers
v0x27bf400_0 .net "branch_ops", 0 0, L_0x27da9b0;  1 drivers
v0x27bf4c0_0 .net "carry_n", 0 0, L_0x27dd000;  1 drivers
v0x27bbed0_0 .net "carry_n_1", 0 0, L_0x27dd390;  1 drivers
v0x27bbf90_0 .net "clk", 0 0, v0x27c5230_0;  alias, 1 drivers
v0x27bc050_0 .net/s "imm", 31 0, L_0x27db6a0;  1 drivers
v0x27bc130_0 .net "imm_ops", 0 0, L_0x27d9f00;  1 drivers
v0x27bc1f0_0 .net "instruction", 31 0, v0x27c27b0_0;  alias, 1 drivers
v0x27bfd90_0 .net "load_imm_ops", 0 0, L_0x27d7310;  1 drivers
v0x27bfe50_0 .net "load_mem_ops", 0 0, L_0x27d7960;  1 drivers
v0x27bff10_0 .net "load_ops", 0 0, L_0x27d7a70;  1 drivers
v0x27bffd0_0 .var "mem_addr", 14 0;
v0x27c00c0_0 .net "mem_data_from", 31 0, v0x27b75c0_0;  alias, 1 drivers
v0x27c0190_0 .net "mem_data_to", 31 0, L_0x27dc3d0;  alias, 1 drivers
v0x27c0250_0 .net "mem_sel", 0 0, L_0x27dc210;  alias, 1 drivers
v0x27c0320_0 .net "mem_we", 0 0, L_0x27dbc00;  alias, 1 drivers
v0x27c03c0_0 .net "opcode", 3 0, L_0x27dae70;  1 drivers
v0x27c04a0_0 .net "operand", 31 0, L_0x27dc550;  1 drivers
v0x27c0580_0 .var "operand_int", 31 0;
v0x27c0660_0 .var "pc", 13 0;
v0x27c0740_0 .var "regA", 31 0;
v0x27c0820_0 .var "regB", 31 0;
v0x27c0900_0 .var "regC", 31 0;
v0x27c09e0_0 .net "rst", 0 0, v0x27c6660_0;  alias, 1 drivers
v0x27c0aa0_0 .net "store_mem_ops", 0 0, L_0x27d80a0;  1 drivers
v0x27c0b60_0 .net "xor_res", 31 0, L_0x27dd180;  1 drivers
E_0x27b8380/0 .event edge, v0x27bec40_0, v0x27beb60_0, v0x27bf4c0_0, v0x27bbed0_0;
E_0x27b8380/1 .event edge, v0x27c03c0_0, v0x27c04a0_0, v0x27c0740_0, v0x27bf320_0;
E_0x27b8380/2 .event edge, v0x27c0b60_0;
E_0x27b8380 .event/or E_0x27b8380/0, E_0x27b8380/1, E_0x27b8380/2;
E_0x27b8410 .event posedge, v0x27c09e0_0, v0x27bbf90_0;
E_0x27b8470/0 .event edge, v0x27bff10_0, v0x27bf0c0_0, v0x2792690_0, v0x27c0820_0;
E_0x27b8470/1 .event edge, v0x27c0900_0, v0x27bc130_0, v0x27bc050_0, v0x27b7d30_0;
E_0x27b8470/2 .event edge, v0x27b75c0_0;
E_0x27b8470 .event/or E_0x27b8470/0, E_0x27b8470/1, E_0x27b8470/2;
E_0x27b8500 .event edge, v0x27c03c0_0, v0x27c0820_0, v0x27bc050_0;
L_0x27c6e80 .concat [ 4 28 0 0], L_0x27dae70, L_0x7fe161870018;
L_0x27d6f50 .cmp/eq 32, L_0x27c6e80, L_0x7fe161870060;
L_0x27d7090 .concat [ 4 28 0 0], L_0x27dae70, L_0x7fe1618700a8;
L_0x27d71d0 .cmp/eq 32, L_0x27d7090, L_0x7fe1618700f0;
L_0x27d7420 .concat [ 4 28 0 0], L_0x27dae70, L_0x7fe161870138;
L_0x27d7560 .cmp/eq 32, L_0x27d7420, L_0x7fe161870180;
L_0x27d76a0 .concat [ 4 28 0 0], L_0x27dae70, L_0x7fe1618701c8;
L_0x27d77d0 .cmp/eq 32, L_0x27d76a0, L_0x7fe161870210;
L_0x27d7b80 .concat [ 4 28 0 0], L_0x27dae70, L_0x7fe161870258;
L_0x27d7d00 .cmp/eq 32, L_0x27d7b80, L_0x7fe1618702a0;
L_0x27d7e50 .concat [ 4 28 0 0], L_0x27dae70, L_0x7fe1618702e8;
L_0x27d7ef0 .cmp/eq 32, L_0x27d7e50, L_0x7fe161870330;
L_0x27d81b0 .concat [ 4 28 0 0], L_0x27dae70, L_0x7fe161870378;
L_0x27d82a0 .cmp/eq 32, L_0x27d81b0, L_0x7fe1618703c0;
L_0x27d8460 .concat [ 4 28 0 0], L_0x27dae70, L_0x7fe161870408;
L_0x27d8610 .cmp/eq 32, L_0x27d8460, L_0x7fe161870450;
L_0x27d8880 .concat [ 4 28 0 0], L_0x27dae70, L_0x7fe161870498;
L_0x27d8a80 .cmp/eq 32, L_0x27d8880, L_0x7fe1618704e0;
L_0x27d8c10 .concat [ 4 28 0 0], L_0x27dae70, L_0x7fe161870528;
L_0x27d8cb0 .cmp/eq 32, L_0x27d8c10, L_0x7fe161870570;
L_0x27d8f40 .concat [ 4 28 0 0], L_0x27dae70, L_0x7fe1618705b8;
L_0x27d9030 .cmp/eq 32, L_0x27d8f40, L_0x7fe161870600;
L_0x27d92d0 .concat [ 4 28 0 0], L_0x27dae70, L_0x7fe161870648;
L_0x27d93c0 .cmp/eq 32, L_0x27d92d0, L_0x7fe161870690;
L_0x27d9170 .concat [ 4 28 0 0], L_0x27dae70, L_0x7fe1618706d8;
L_0x27d9620 .cmp/eq 32, L_0x27d9170, L_0x7fe161870720;
L_0x27d98e0 .concat [ 4 28 0 0], L_0x27dae70, L_0x7fe161870768;
L_0x27d99d0 .cmp/ne 32, L_0x27d98e0, L_0x7fe1618707b0;
L_0x27d9f70 .concat [ 4 28 0 0], L_0x27dae70, L_0x7fe1618707f8;
L_0x27da060 .cmp/eq 32, L_0x27d9f70, L_0x7fe161870840;
L_0x27d9b10 .concat [ 4 28 0 0], L_0x27dae70, L_0x7fe161870888;
L_0x27d8500 .cmp/eq 32, L_0x27d9b10, L_0x7fe1618708d0;
L_0x27da660 .concat [ 4 28 0 0], L_0x27dae70, L_0x7fe161870918;
L_0x27d8970 .cmp/eq 32, L_0x27da660, L_0x7fe161870960;
L_0x27daad0 .concat [ 4 28 0 0], L_0x27dae70, L_0x7fe1618709a8;
L_0x27dab70 .cmp/eq 32, L_0x27daad0, L_0x7fe1618709f0;
L_0x27dae70 .part v0x27c27b0_0, 28, 4;
L_0x27daf10 .concat [ 4 28 0 0], L_0x27dae70, L_0x7fe161870a38;
L_0x27dad00 .cmp/eq 32, L_0x27daf10, L_0x7fe161870a80;
L_0x27db190 .part v0x27c27b0_0, 0, 16;
L_0x27dafb0 .part v0x27c0740_0, 0, 16;
L_0x27db050 .concat [ 16 16 0 0], L_0x27dafb0, L_0x27db190;
L_0x27db2c0 .part v0x27c27b0_0, 27, 1;
L_0x27db360 .concat [ 1 1 1 1], L_0x27db2c0, L_0x27db2c0, L_0x27db2c0, L_0x27db2c0;
L_0x27db460 .part v0x27c27b0_0, 0, 28;
L_0x27db500 .concat [ 28 4 0 0], L_0x27db460, L_0x27db360;
L_0x27db6a0 .functor MUXZ 32, L_0x27db500, L_0x27db050, L_0x27dad00, C4<>;
L_0x27dada0 .concat [ 15 17 0 0], v0x27bffd0_0, L_0x7fe161870ac8;
L_0x27db860 .cmp/ne 32, L_0x27dada0, L_0x7fe161870b10;
L_0x27dbfd0 .concat [ 15 17 0 0], v0x27bffd0_0, L_0x7fe161870b58;
L_0x27dbd80 .cmp/ne 32, L_0x27dbfd0, L_0x7fe161870ba0;
L_0x27dc320 .concat [ 4 28 0 0], L_0x27dae70, L_0x7fe161870be8;
L_0x27dc0c0 .cmp/eq 32, L_0x27dc320, L_0x7fe161870c30;
L_0x27dc700 .arith/sub 32, L_0x7fe161870c78, v0x27c0580_0;
L_0x27dc550 .functor MUXZ 32, v0x27c0580_0, L_0x27dc700, L_0x27dc0c0, C4<>;
L_0x27dca20 .part v0x27c0740_0, 0, 31;
L_0x27dc860 .concat [ 31 1 0 0], L_0x27dca20, L_0x7fe161870cc0;
L_0x27dcc90 .part L_0x27dc550, 0, 31;
L_0x27dcac0 .concat [ 31 1 0 0], L_0x27dcc90, L_0x7fe161870d08;
L_0x27dcf10 .arith/sum 32, L_0x27dc860, L_0x27dcac0;
L_0x27dcd30 .concat [ 32 1 0 0], v0x27c0740_0, L_0x7fe161870d50;
L_0x27dce60 .concat [ 32 1 0 0], L_0x27dc550, L_0x7fe161870d98;
L_0x27dd250 .arith/sum 33, L_0x27dcd30, L_0x27dce60;
L_0x27dd390 .part L_0x27dcf10, 31, 1;
L_0x27dd000 .part L_0x27dd250, 32, 1;
S_0x27c0db0 .scope module, "cprint" "xcprint" 4 153, 7 4 0, S_0x2790fe0;
 .timescale -9 -12;
    .port_info 0 /INPUT 1 "clk";
    .port_info 1 /INPUT 1 "sel";
    .port_info 2 /INPUT 8 "data_in";
v0x27c1040_0 .net "clk", 0 0, v0x27c5230_0;  alias, 1 drivers
v0x27c1130_0 .net "data_in", 7 0, L_0x27ddf50;  1 drivers
v0x27c11f0_0 .net "sel", 0 0, L_0x27ddd80;  1 drivers
E_0x27c0fc0 .event posedge, v0x27bbf90_0;
S_0x27c1340 .scope module, "ledprint" "xledprint" 4 161, 8 4 0, S_0x2790fe0;
 .timescale -9 -12;
    .port_info 0 /INPUT 1 "clk";
    .port_info 1 /INPUT 1 "rst";
    .port_info 2 /INPUT 1 "sel";
    .port_info 3 /INPUT 1 "data_in";
    .port_info 4 /OUTPUT 1 "led";
v0x27c15d0_0 .net "clk", 0 0, v0x27c5230_0;  alias, 1 drivers
v0x27c16c0_0 .net "data_in", 0 0, L_0x27de220;  1 drivers
v0x27c1780_0 .var "led", 0 0;
v0x27c1820_0 .net "rst", 0 0, v0x27c6660_0;  alias, 1 drivers
v0x27c18f0_0 .net "sel", 0 0, L_0x27c6b70;  1 drivers
S_0x27c1a80 .scope module, "ram" "xram" 4 86, 9 4 0, S_0x2790fe0;
 .timescale -9 -12;
    .port_info 0 /INPUT 1 "clk";
    .port_info 1 /INPUT 14 "pc";
    .port_info 2 /OUTPUT 32 "instruction";
    .port_info 3 /INPUT 1 "data_sel";
    .port_info 4 /INPUT 1 "data_we";
    .port_info 5 /INPUT 14 "data_addr";
    .port_info 6 /INPUT 32 "data_in";
    .port_info 7 /OUTPUT 32 "data_out";
L_0x27dc490 .functor BUFZ 14, L_0x27dd920, C4<00000000000000>, C4<00000000000000>, C4<00000000000000>;
L_0x27dd760 .functor BUFZ 1, L_0x27dbc00, C4<0>, C4<0>, C4<0>;
L_0x27dd7d0 .functor BUFZ 32, L_0x27dc3d0, C4<00000000000000000000000000000000>, C4<00000000000000000000000000000000>, C4<00000000000000000000000000000000>;
L_0x27dd840 .functor BUFZ 1, v0x27b7a40_0, C4<0>, C4<0>, C4<0>;
L_0x27dd8b0 .functor BUFZ 32, v0x27c2380_0, C4<00000000000000000000000000000000>, C4<00000000000000000000000000000000>, C4<00000000000000000000000000000000>;
v0x27c1dd0_0 .net "clk", 0 0, v0x27c5230_0;  alias, 1 drivers
v0x27c1e90_0 .net "data_addr", 13 0, L_0x27dd920;  1 drivers
v0x27c1f70_0 .net "data_addr_int", 13 0, L_0x27dc490;  1 drivers
v0x27c2030_0 .net "data_en_int", 0 0, L_0x27dd840;  1 drivers
v0x27c20f0_0 .net "data_in", 31 0, L_0x27dc3d0;  alias, 1 drivers
v0x27c2200_0 .net "data_in_int", 31 0, L_0x27dd7d0;  1 drivers
v0x27c22c0_0 .net "data_out", 31 0, L_0x27dd8b0;  alias, 1 drivers
v0x27c2380_0 .var "data_out_int", 31 0;
v0x27c2440_0 .net "data_sel", 0 0, v0x27b7a40_0;  alias, 1 drivers
v0x27c25a0_0 .net "data_we", 0 0, L_0x27dbc00;  alias, 1 drivers
v0x27c2670_0 .net "data_we_int", 0 0, L_0x27dd760;  1 drivers
L_0x7fe161870de0 .functor BUFT 1, C4<1>, C4<0>, C4<0>, C4<0>;
v0x27c2710_0 .net "instr_en", 0 0, L_0x7fe161870de0;  1 drivers
v0x27c27b0_0 .var "instruction", 31 0;
v0x27c28a0 .array "mem", 0 16383, 31 0;
v0x27c2940_0 .net "pc", 13 0, v0x27c0660_0;  alias, 1 drivers
S_0x27c2b10 .scope module, "regf" "xregf" 4 103, 10 4 0, S_0x2790fe0;
 .timescale -9 -12;
    .port_info 0 /INPUT 1 "clk";
    .port_info 1 /INPUT 1 "sel";
    .port_info 2 /INPUT 1 "we";
    .port_info 3 /INPUT 4 "addr";
    .port_info 4 /INPUT 32 "data_in";
    .port_info 5 /OUTPUT 32 "data_out";
v0x27c2d80_0 .net *"_s0", 31 0, L_0x27dd9c0;  1 drivers
v0x27c2e80_0 .net *"_s2", 5 0, L_0x27dda60;  1 drivers
L_0x7fe161870e28 .functor BUFT 1, C4<00>, C4<0>, C4<0>, C4<0>;
v0x27c2f60_0 .net *"_s5", 1 0, L_0x7fe161870e28;  1 drivers
L_0x7fe161870e70 .functor BUFT 1, C4<00000000000000000000000000000000>, C4<0>, C4<0>, C4<0>;
v0x27c3050_0 .net/2u *"_s6", 31 0, L_0x7fe161870e70;  1 drivers
v0x27c3130_0 .net "addr", 3 0, L_0x27ddc90;  1 drivers
v0x27c3260_0 .net "clk", 0 0, v0x27c5230_0;  alias, 1 drivers
v0x27c3390_0 .net "data_in", 31 0, L_0x27dc3d0;  alias, 1 drivers
v0x27c3450_0 .net "data_out", 31 0, L_0x27ddb50;  alias, 1 drivers
v0x27c3510 .array "regf", 0 15, 31 0;
v0x27c38d0_0 .net "sel", 0 0, v0x27b7c70_0;  alias, 1 drivers
v0x27c3970_0 .net "we", 0 0, L_0x27dbc00;  alias, 1 drivers
L_0x27dd9c0 .array/port v0x27c3510, L_0x27dda60;
L_0x27dda60 .concat [ 4 2 0 0], L_0x27ddc90, L_0x7fe161870e28;
L_0x27ddb50 .functor MUXZ 32, L_0x7fe161870e70, L_0x27dd9c0, v0x27b7c70_0, C4<>;
    .scope S_0x27b80a0;
T_0 ;
    %wait E_0x27b8500;
    %load/vec4 v0x27c03c0_0;
    %pad/u 32;
    %cmpi/e 10, 0, 32;
    %flag_mov 8, 4;
    %load/vec4 v0x27c03c0_0;
    %pad/u 32;
    %cmpi/e 11, 0, 32;
    %flag_or 4, 8;
    %jmp/0xz  T_0.0, 4;
    %load/vec4 v0x27c0820_0;
    %parti/s 15, 0, 2;
    %store/vec4 v0x27bffd0_0, 0, 15;
    %jmp T_0.1;
T_0.0 ;
    %load/vec4 v0x27bc050_0;
    %parti/s 15, 0, 2;
    %store/vec4 v0x27bffd0_0, 0, 15;
T_0.1 ;
    %jmp T_0;
    .thread T_0, $push;
    .scope S_0x27b80a0;
T_1 ;
    %wait E_0x27b8470;
    %pushi/vec4 0, 0, 32;
    %store/vec4 v0x27c0580_0, 0, 32;
    %load/vec4 v0x27bff10_0;
    %flag_set/vec4 8;
    %load/vec4 v0x27bf0c0_0;
    %flag_set/vec4 9;
    %flag_or 9, 8;
    %jmp/0xz  T_1.0, 9;
    %load/vec4 v0x27bffd0_0;
    %pad/u 32;
    %cmpi/e 16400, 0, 32;
    %jmp/0xz  T_1.2, 4;
    %load/vec4 v0x27c0820_0;
    %store/vec4 v0x27c0580_0, 0, 32;
    %jmp T_1.3;
T_1.2 ;
    %load/vec4 v0x27bffd0_0;
    %pad/u 32;
    %cmpi/e 16401, 0, 32;
    %jmp/0xz  T_1.4, 4;
    %load/vec4 v0x27c0900_0;
    %store/vec4 v0x27c0580_0, 0, 32;
    %jmp T_1.5;
T_1.4 ;
    %load/vec4 v0x27bc130_0;
    %flag_set/vec4 8;
    %jmp/0xz  T_1.6, 8;
    %load/vec4 v0x27bc050_0;
    %store/vec4 v0x27c0580_0, 0, 32;
    %jmp T_1.7;
T_1.6 ;
    %load/vec4 v0x27c0250_0;
    %flag_set/vec4 8;
    %jmp/0xz  T_1.8, 8;
    %load/vec4 v0x27c00c0_0;
    %store/vec4 v0x27c0580_0, 0, 32;
T_1.8 ;
T_1.7 ;
T_1.5 ;
T_1.3 ;
T_1.0 ;
    %jmp T_1;
    .thread T_1, $push;
    .scope S_0x27b80a0;
T_2 ;
    %wait E_0x27b8410;
    %load/vec4 v0x27c09e0_0;
    %flag_set/vec4 8;
    %jmp/0xz  T_2.0, 8;
    %pushi/vec4 0, 0, 14;
    %assign/vec4 v0x27c0660_0, 0;
    %jmp T_2.1;
T_2.0 ;
    %load/vec4 v0x27c0660_0;
    %addi 1, 0, 14;
    %assign/vec4 v0x27c0660_0, 0;
    %load/vec4 v0x27c03c0_0;
    %pad/u 32;
    %pushi/vec4 12, 0, 32;
    %cmp/e;
    %flag_get/vec4 4;
    %load/vec4 v0x27c0740_0;
    %pushi/vec4 0, 0, 32;
    %cmp/e;
    %flag_get/vec4 4;
    %and;
    %flag_set/vec4 8;
    %jmp/0xz  T_2.2, 8;
    %load/vec4 v0x27bc050_0;
    %parti/s 15, 0, 2;
    %pad/u 14;
    %assign/vec4 v0x27c0660_0, 0;
    %jmp T_2.3;
T_2.2 ;
    %load/vec4 v0x27c03c0_0;
    %pad/u 32;
    %pushi/vec4 14, 0, 32;
    %cmp/e;
    %flag_get/vec4 4;
    %load/vec4 v0x27c0740_0;
    %pushi/vec4 0, 0, 32;
    %cmp/ne;
    %flag_get/vec4 4;
    %and;
    %flag_set/vec4 8;
    %jmp/0xz  T_2.4, 8;
    %load/vec4 v0x27bc050_0;
    %parti/s 15, 0, 2;
    %pad/u 14;
    %assign/vec4 v0x27c0660_0, 0;
    %jmp T_2.5;
T_2.4 ;
    %load/vec4 v0x27c03c0_0;
    %pad/u 32;
    %pushi/vec4 13, 0, 32;
    %cmp/e;
    %flag_get/vec4 4;
    %load/vec4 v0x27c0740_0;
    %pushi/vec4 0, 0, 32;
    %cmp/e;
    %flag_get/vec4 4;
    %and;
    %flag_set/vec4 8;
    %jmp/0xz  T_2.6, 8;
    %load/vec4 v0x27c0820_0;
    %parti/s 15, 0, 2;
    %pad/u 14;
    %assign/vec4 v0x27c0660_0, 0;
    %jmp T_2.7;
T_2.6 ;
    %load/vec4 v0x27c03c0_0;
    %pad/u 32;
    %pushi/vec4 15, 0, 32;
    %cmp/e;
    %flag_get/vec4 4;
    %load/vec4 v0x27c0740_0;
    %pushi/vec4 0, 0, 32;
    %cmp/ne;
    %flag_get/vec4 4;
    %and;
    %flag_set/vec4 8;
    %jmp/0xz  T_2.8, 8;
    %load/vec4 v0x27c0820_0;
    %parti/s 15, 0, 2;
    %pad/u 14;
    %assign/vec4 v0x27c0660_0, 0;
T_2.8 ;
T_2.7 ;
T_2.5 ;
T_2.3 ;
T_2.1 ;
    %jmp T_2;
    .thread T_2;
    .scope S_0x27b80a0;
T_3 ;
    %wait E_0x27b8410;
    %load/vec4 v0x27c09e0_0;
    %flag_set/vec4 8;
    %jmp/0xz  T_3.0, 8;
    %pushi/vec4 0, 0, 32;
    %assign/vec4 v0x27c0740_0, 0;
    %jmp T_3.1;
T_3.0 ;
    %load/vec4 v0x27bff10_0;
    %flag_set/vec4 8;
    %jmp/0xz  T_3.2, 8;
    %load/vec4 v0x27c04a0_0;
    %assign/vec4 v0x27c0740_0, 0;
    %jmp T_3.3;
T_3.2 ;
    %load/vec4 v0x27bf0c0_0;
    %flag_set/vec4 8;
    %jmp/0xz  T_3.4, 8;
    %load/vec4 v0x27bf240_0;
    %pad/u 32;
    %assign/vec4 v0x27c0740_0, 0;
    %jmp T_3.5;
T_3.4 ;
    %load/vec4 v0x27bf400_0;
    %flag_set/vec4 8;
    %jmp/0xz  T_3.6, 8;
    %load/vec4 v0x27c0740_0;
    %subi 1, 0, 32;
    %assign/vec4 v0x27c0740_0, 0;
T_3.6 ;
T_3.5 ;
T_3.3 ;
T_3.1 ;
    %jmp T_3;
    .thread T_3;
    .scope S_0x27b80a0;
T_4 ;
    %wait E_0x27b8410;
    %load/vec4 v0x27c09e0_0;
    %flag_set/vec4 8;
    %jmp/0xz  T_4.0, 8;
    %pushi/vec4 0, 0, 32;
    %assign/vec4 v0x27c0820_0, 0;
    %jmp T_4.1;
T_4.0 ;
    %load/vec4 v0x27bffd0_0;
    %pad/u 32;
    %pushi/vec4 16400, 0, 32;
    %cmp/e;
    %flag_get/vec4 4;
    %load/vec4 v0x27c0320_0;
    %and;
    %flag_set/vec4 8;
    %jmp/0xz  T_4.2, 8;
    %load/vec4 v0x27c0740_0;
    %assign/vec4 v0x27c0820_0, 0;
T_4.2 ;
T_4.1 ;
    %jmp T_4;
    .thread T_4;
    .scope S_0x27b80a0;
T_5 ;
    %wait E_0x27b8410;
    %load/vec4 v0x27c09e0_0;
    %flag_set/vec4 8;
    %jmp/0xz  T_5.0, 8;
    %pushi/vec4 0, 0, 32;
    %assign/vec4 v0x27c0900_0, 0;
    %jmp T_5.1;
T_5.0 ;
    %load/vec4 v0x27bf0c0_0;
    %flag_set/vec4 8;
    %jmp/0xz  T_5.2, 8;
    %load/vec4 v0x27bf000_0;
    %load/vec4 v0x27bf180_0;
    %concat/vec4; draw_concat_vec4
    %load/vec4 v0x27bed00_0;
    %concat/vec4; draw_concat_vec4
    %pad/u 32;
    %pushi/vec4 0, 0, 32;
    %or;
    %assign/vec4 v0x27c0900_0, 0;
T_5.2 ;
T_5.1 ;
    %jmp T_5;
    .thread T_5;
    .scope S_0x27b80a0;
T_6 ;
    %wait E_0x27b8380;
    %pushi/vec4 0, 0, 33;
    %store/vec4 v0x27bf240_0, 0, 33;
    %pushi/vec4 0, 0, 1;
    %store/vec4 v0x27bed00_0, 0, 1;
    %pushi/vec4 0, 0, 1;
    %store/vec4 v0x27bf000_0, 0, 1;
    %pushi/vec4 0, 0, 1;
    %store/vec4 v0x27bf180_0, 0, 1;
    %load/vec4 v0x27bec40_0;
    %flag_set/vec4 8;
    %jmp/0xz  T_6.0, 8;
    %load/vec4 v0x27beb60_0;
    %store/vec4 v0x27bf240_0, 0, 33;
    %load/vec4 v0x27bf4c0_0;
    %store/vec4 v0x27bed00_0, 0, 1;
    %load/vec4 v0x27bf4c0_0;
    %load/vec4 v0x27bbed0_0;
    %xor;
    %store/vec4 v0x27bf180_0, 0, 1;
    %load/vec4 v0x27beb60_0;
    %parti/s 1, 31, 6;
    %store/vec4 v0x27bf000_0, 0, 1;
    %jmp T_6.1;
T_6.0 ;
    %load/vec4 v0x27c03c0_0;
    %pad/u 32;
    %cmpi/e 3, 0, 32;
    %jmp/0xz  T_6.2, 4;
    %load/vec4 v0x27c04a0_0;
    %parti/s 1, 31, 6;
    %flag_set/vec4 8;
    %jmp/0xz  T_6.4, 8;
    %load/vec4 v0x27c0740_0;
    %pad/u 33;
    %ix/load 4, 1, 0;
    %flag_set/imm 4, 0;
    %shiftl 4;
    %store/vec4 v0x27bf240_0, 0, 33;
    %load/vec4 v0x27c0740_0;
    %parti/s 1, 31, 6;
    %store/vec4 v0x27bed00_0, 0, 1;
    %load/vec4 v0x27c0740_0;
    %parti/s 1, 31, 6;
    %load/vec4 v0x27c0740_0;
    %parti/s 1, 30, 6;
    %xor;
    %store/vec4 v0x27bf180_0, 0, 1;
    %load/vec4 v0x27c0740_0;
    %parti/s 1, 30, 6;
    %store/vec4 v0x27bf000_0, 0, 1;
    %jmp T_6.5;
T_6.4 ;
    %load/vec4 v0x27c0740_0;
    %parti/s 1, 31, 6;
    %load/vec4 v0x27c0740_0;
    %parti/s 31, 1, 2;
    %concat/vec4; draw_concat_vec4
    %pad/u 33;
    %store/vec4 v0x27bf240_0, 0, 33;
    %pushi/vec4 0, 0, 1;
    %store/vec4 v0x27bed00_0, 0, 1;
    %pushi/vec4 0, 0, 1;
    %store/vec4 v0x27bf180_0, 0, 1;
    %load/vec4 v0x27c0740_0;
    %parti/s 1, 31, 6;
    %store/vec4 v0x27bf000_0, 0, 1;
T_6.5 ;
    %jmp T_6.3;
T_6.2 ;
    %load/vec4 v0x27c03c0_0;
    %pad/u 32;
    %cmpi/e 4, 0, 32;
    %jmp/0xz  T_6.6, 4;
    %load/vec4 v0x27bf320_0;
    %pad/u 33;
    %store/vec4 v0x27bf240_0, 0, 33;
    %pushi/vec4 0, 0, 1;
    %store/vec4 v0x27bed00_0, 0, 1;
    %load/vec4 v0x27bf320_0;
    %parti/s 1, 31, 6;
    %store/vec4 v0x27bf000_0, 0, 1;
    %pushi/vec4 0, 0, 1;
    %store/vec4 v0x27bf180_0, 0, 1;
    %jmp T_6.7;
T_6.6 ;
    %load/vec4 v0x27c03c0_0;
    %pad/u 32;
    %cmpi/e 5, 0, 32;
    %jmp/0xz  T_6.8, 4;
    %load/vec4 v0x27c0b60_0;
    %pad/u 33;
    %store/vec4 v0x27bf240_0, 0, 33;
    %pushi/vec4 0, 0, 1;
    %store/vec4 v0x27bed00_0, 0, 1;
    %load/vec4 v0x27c0b60_0;
    %parti/s 1, 31, 6;
    %store/vec4 v0x27bf000_0, 0, 1;
    %pushi/vec4 0, 0, 1;
    %store/vec4 v0x27bf180_0, 0, 1;
T_6.8 ;
T_6.7 ;
T_6.3 ;
T_6.1 ;
    %jmp T_6;
    .thread T_6, $push;
    .scope S_0x27c1a80;
T_7 ;
    %vpi_call/w 9 63 "$readmemh", "./program.hex", v0x27c28a0, 32'sb00000000000000000000000000000000, 32'sb00000000000000000011111111111111 {0 0 0};
    %end;
    .thread T_7;
    .scope S_0x27c1a80;
T_8 ;
    %wait E_0x27c0fc0;
    %load/vec4 v0x27c2710_0;
    %flag_set/vec4 8;
    %jmp/0xz  T_8.0, 8;
    %load/vec4 v0x27c2940_0;
    %pad/u 16;
    %ix/vec4 4;
    %load/vec4a v0x27c28a0, 4;
    %assign/vec4 v0x27c27b0_0, 0;
T_8.0 ;
    %jmp T_8;
    .thread T_8;
    .scope S_0x27c1a80;
T_9 ;
    %wait E_0x27c0fc0;
    %load/vec4 v0x27c2030_0;
    %flag_set/vec4 8;
    %jmp/0xz  T_9.0, 8;
    %load/vec4 v0x27c2670_0;
    %flag_set/vec4 8;
    %jmp/0xz  T_9.2, 8;
    %load/vec4 v0x27c2200_0;
    %load/vec4 v0x27c1f70_0;
    %pad/u 16;
    %ix/vec4 3;
    %ix/load 4, 0, 0; Constant delay
    %assign/vec4/a/d v0x27c28a0, 0, 4;
T_9.2 ;
    %load/vec4 v0x27c1f70_0;
    %pad/u 16;
    %ix/vec4 4;
    %load/vec4a v0x27c28a0, 4;
    %assign/vec4 v0x27c2380_0, 0;
T_9.0 ;
    %jmp T_9;
    .thread T_9;
    .scope S_0x27c2b10;
T_10 ;
    %wait E_0x27c0fc0;
    %load/vec4 v0x27c38d0_0;
    %load/vec4 v0x27c3970_0;
    %and;
    %flag_set/vec4 8;
    %jmp/0xz  T_10.0, 8;
    %load/vec4 v0x27c3390_0;
    %load/vec4 v0x27c3130_0;
    %pad/u 6;
    %ix/vec4 3;
    %ix/load 4, 0, 0; Constant delay
    %assign/vec4/a/d v0x27c3510, 0, 4;
T_10.0 ;
    %jmp T_10;
    .thread T_10;
    .scope S_0x27913c0;
T_11 ;
    %wait E_0x2786350;
    %pushi/vec4 0, 0, 1;
    %store/vec4 v0x27b7a40_0, 0, 1;
    %pushi/vec4 0, 0, 1;
    %store/vec4 v0x27b7c70_0, 0, 1;
    %pushi/vec4 0, 0, 1;
    %store/vec4 v0x27b7500_0, 0, 1;
    %pushi/vec4 0, 0, 1;
    %store/vec4 v0x27b7790_0, 0, 1;
    %pushi/vec4 0, 0, 1;
    %store/vec4 v0x27b7df0_0, 0, 1;
    %load/vec4 v0x2792690_0;
    %pad/u 32;
    %pushi/vec4 16384, 0, 32;
    %and;
    %cmpi/e 0, 0, 32;
    %jmp/0xz  T_11.0, 4;
    %load/vec4 v0x27b7d30_0;
    %store/vec4 v0x27b7a40_0, 0, 1;
    %jmp T_11.1;
T_11.0 ;
    %load/vec4 v0x2792690_0;
    %pad/u 32;
    %pushi/vec4 32752, 0, 32;
    %and;
    %cmpi/e 16384, 0, 32;
    %jmp/0xz  T_11.2, 4;
    %load/vec4 v0x27b7d30_0;
    %store/vec4 v0x27b7c70_0, 0, 1;
    %jmp T_11.3;
T_11.2 ;
    %load/vec4 v0x2792690_0;
    %pad/u 32;
    %pushi/vec4 32767, 0, 32;
    %and;
    %cmpi/e 20480, 0, 32;
    %jmp/0xz  T_11.4, 4;
    %load/vec4 v0x27b7d30_0;
    %store/vec4 v0x27b7500_0, 0, 1;
    %jmp T_11.5;
T_11.4 ;
    %load/vec4 v0x2792690_0;
    %pad/u 32;
    %pushi/vec4 32767, 0, 32;
    %and;
    %cmpi/e 24576, 0, 32;
    %jmp/0xz  T_11.6, 4;
    %load/vec4 v0x27b7d30_0;
    %store/vec4 v0x27b78a0_0, 0, 1;
    %jmp T_11.7;
T_11.6 ;
    %load/vec4 v0x27b7d30_0;
    %store/vec4 v0x27b7df0_0, 0, 1;
T_11.7 ;
T_11.5 ;
T_11.3 ;
T_11.1 ;
    %jmp T_11;
    .thread T_11, $push;
    .scope S_0x27913c0;
T_12 ;
    %wait E_0x278feb0;
    %pushi/vec4 0, 0, 32;
    %store/vec4 v0x27b75c0_0, 0, 32;
    %load/vec4 v0x27b7a40_0;
    %flag_set/vec4 8;
    %jmp/0xz  T_12.0, 8;
    %load/vec4 v0x27b7960_0;
    %store/vec4 v0x27b75c0_0, 0, 32;
    %jmp T_12.1;
T_12.0 ;
    %load/vec4 v0x27b7c70_0;
    %flag_set/vec4 8;
    %jmp/0xz  T_12.2, 8;
    %load/vec4 v0x27b7b00_0;
    %store/vec4 v0x27b75c0_0, 0, 32;
    %jmp T_12.3;
T_12.2 ;
    %load/vec4 v0x27b7790_0;
    %flag_set/vec4 8;
    %jmp/0xz  T_12.4, 8;
    %load/vec4 v0x27b76b0_0;
    %store/vec4 v0x27b75c0_0, 0, 32;
T_12.4 ;
T_12.3 ;
T_12.1 ;
    %jmp T_12;
    .thread T_12, $push;
    .scope S_0x27c0db0;
T_13 ;
    %wait E_0x27c0fc0;
    %load/vec4 v0x27c11f0_0;
    %flag_set/vec4 8;
    %jmp/0xz  T_13.0, 8;
    %vpi_call/w 7 12 "$write", "%c", v0x27c1130_0 {0 0 0};
T_13.0 ;
    %jmp T_13;
    .thread T_13;
    .scope S_0x27c1340;
T_14 ;
    %wait E_0x27c0fc0;
    %load/vec4 v0x27c1820_0;
    %flag_set/vec4 8;
    %jmp/0xz  T_14.0, 8;
    %pushi/vec4 0, 0, 1;
    %assign/vec4 v0x27c1780_0, 0;
    %jmp T_14.1;
T_14.0 ;
    %load/vec4 v0x27c18f0_0;
    %flag_set/vec4 8;
    %jmp/0xz  T_14.2, 8;
    %load/vec4 v0x27c16c0_0;
    %assign/vec4 v0x27c1780_0, 0;
T_14.2 ;
T_14.1 ;
    %jmp T_14;
    .thread T_14;
    .scope S_0x27220d0;
T_15 ;
    %vpi_call/w 3 46 "$dumpfile", "xtop.vcd" {0 0 0};
    %vpi_call/w 3 47 "$dumpvars", 32'sb00000000000000000000000000000000, S_0x27220d0 {0 0 0};
    %pushi/vec4 1, 0, 1;
    %store/vec4 v0x27c5230_0, 0, 1;
    %pushi/vec4 0, 0, 1;
    %store/vec4 v0x27c6660_0, 0, 1;
    %pushi/vec4 0, 0, 32;
    %store/vec4 v0x27c5530_0, 0, 32;
    %delay 11000, 0;
    %pushi/vec4 1, 0, 1;
    %store/vec4 v0x27c6660_0, 0, 1;
    %delay 10000, 0;
    %pushi/vec4 0, 0, 1;
    %store/vec4 v0x27c6660_0, 0, 1;
    %vpi_func 3 66 "$time" 64 {0 0 0};
    %pad/u 32;
    %store/vec4 v0x27c6700_0, 0, 32;
    %pushi/vec4 0, 0, 32;
    %store/vec4 v0x27c53b0_0, 0, 32;
T_15.0 ;
    %load/vec4 v0x27c53b0_0;
    %cmpi/s 16, 0, 32;
    %jmp/0xz T_15.1, 5;
    %ix/getv/s 4, v0x27c53b0_0;
    %load/vec4a v0x27c3510, 4;
    %ix/getv/s 4, v0x27c53b0_0;
    %store/vec4a v0x27c52f0, 4, 0;
    %load/vec4 v0x27c53b0_0;
    %addi 1, 0, 32;
    %store/vec4 v0x27c53b0_0, 0, 32;
    %jmp T_15.0;
T_15.1 ;
    %vpi_call/w 3 75 "$writememh", "data_out.hex", v0x27c52f0, 32'sb00000000000000000000000000000000, 32'sb00000000000000000000000000001111 {0 0 0};
    %end;
    .thread T_15;
    .scope S_0x27220d0;
T_16 ;
    %wait E_0x27c0fc0;
    %load/vec4 v0x27c67e0_0;
    %flag_set/vec4 8;
    %jmp/0xz  T_16.0, 8;
    %vpi_func 3 85 "$time" 64 {0 0 0};
    %load/vec4 v0x27c6700_0;
    %pad/u 64;
    %sub;
    %pushi/vec4 10, 0, 64;
    %div;
    %vpi_call/w 3 85 "$display", "Catched Trap at time  %0d clock cycles:", S<0,vec4,u64> {1 0 0};
    %vpi_call/w 3 86 "$finish" {0 0 0};
T_16.0 ;
    %jmp T_16;
    .thread T_16;
    .scope S_0x27220d0;
T_17 ;
    %delay 5000, 0;
    %load/vec4 v0x27c5230_0;
    %inv;
    %store/vec4 v0x27c5230_0, 0, 1;
    %jmp T_17;
    .thread T_17;
# The file index is used to find the file name in the following table.
:file_names 11;
    "N/A";
    "<interactive>";
    "-";
    "../../rtl/testbench/xtop_tb.v";
    "../../rtl/src/xtop.v";
    "../../rtl/src/xaddr_decoder.v";
    "../../rtl/src/xctrl.v";
    "../../rtl/src/xcprint.v";
    "../../rtl/src/xledprint.v";
    "../../rtl/src/xram.v";
    "../../rtl/src/xregf.v";
