#! /usr/local/bin/vvp
:ivl_version "11.0 (devel)" "(s20150603-653-g41ac0b2)";
:ivl_delay_selection "TYPICAL";
:vpi_time_precision - 12;
:vpi_module "system";
:vpi_module "vhdl_sys";
:vpi_module "vhdl_textio";
:vpi_module "v2005_math";
:vpi_module "va_math";
S_0x232c7f0 .scope module, "mc_tb" "mc_tb" 2 14;
 .timescale -9 -12;
v0x233c190_0 .net "bl", 0 0, L_0x233c330;  1 drivers
v0x233c260_0 .net "blb", 0 0, L_0x233c440;  1 drivers
S_0x232c980 .scope module, "mc" "sense_amplifier" 2 18, 2 3 0, S_0x232c7f0;
 .timescale -9 -12;
    .port_info 0 /INOUT 1 "bl";
    .port_info 1 /INOUT 1 "blb";
L_0x233c330 .functor NOT 1, L_0x233c440, C4<0>, C4<0>, C4<0>;
L_0x233c440 .functor NOT 1, L_0x233c330, C4<0>, C4<0>, C4<0>;
v0x232cb60_0 .net "bl", 0 0, L_0x233c330;  alias, 1 drivers
v0x233c070_0 .net "blb", 0 0, L_0x233c440;  alias, 1 drivers
    .scope S_0x232c7f0;
T_0 ;
    %vpi_call 2 24 "$dumpfile", "dump.vcd" {0 0 0};
    %vpi_call 2 25 "$dumpvars" {0 0 0};
    %delay 100000, 0;
    %vpi_call 2 27 "$finish" {0 0 0};
    %end;
    .thread T_0;
# The file index is used to find the file name in the following table.
:file_names 3;
    "N/A";
    "<interactive>";
    "sense_amplifier.v";
