#! /usr/local/bin/vvp
:ivl_version "11.0 (devel)" "(s20150603-653-g41ac0b2)";
:ivl_delay_selection "TYPICAL";
:vpi_time_precision - 12;
:vpi_module "system";
:vpi_module "vhdl_sys";
:vpi_module "vhdl_textio";
:vpi_module "v2005_math";
:vpi_module "va_math";
S_0x1b77330 .scope module, "signed_div_tb" "signed_div_tb" 2 49;
 .timescale -9 -12;
v0x1ba4660_0 .var/s "a", 3 0;
v0x1ba4740_0 .var/s "b", 3 0;
v0x1ba4810_0 .net/s "c", 3 0, L_0x1ba4b50;  1 drivers
v0x1ba4910_0 .var "clk", 0 0;
v0x1ba49e0_0 .var "rst", 0 0;
v0x1ba4a80_0 .var "start", 0 0;
S_0x1b8eb50 .scope module, "div0" "signed_div" 2 57, 2 3 0, S_0x1b77330;
 .timescale -9 -12;
    .port_info 0 /INPUT 1 "rst";
    .port_info 1 /INPUT 1 "start";
    .port_info 2 /INPUT 4 "d";
    .port_info 3 /INPUT 4 "D";
    .port_info 4 /INPUT 1 "clk";
    .port_info 5 /OUTPUT 4 "qout";
v0x1b8ed30_0 .net "D", 3 0, v0x1ba4740_0;  1 drivers
o0x7f2aa0460048 .functor BUFZ 4, C4<zzzz>; HiZ drive
v0x1ba3c10_0 .net "D1", 3 0, o0x7f2aa0460048;  0 drivers
v0x1ba3cf0_0 .var "RD", 7 0;
v0x1ba3de0_0 .net "clk", 0 0, v0x1ba4910_0;  1 drivers
v0x1ba3ea0_0 .net "d", 3 0, v0x1ba4660_0;  1 drivers
v0x1ba3fd0_0 .var "d1", 3 0;
v0x1ba40b0_0 .var "q", 3 0;
v0x1ba4190_0 .net "qout", 3 0, L_0x1ba4b50;  alias, 1 drivers
v0x1ba4270_0 .var "r", 3 0;
v0x1ba43e0_0 .net "rst", 0 0, v0x1ba49e0_0;  1 drivers
v0x1ba44a0_0 .net "start", 0 0, v0x1ba4a80_0;  1 drivers
E_0x1b8f710 .event posedge, v0x1ba3de0_0;
E_0x1b8fa00 .event edge, v0x1ba3c10_0, v0x1ba3fd0_0;
L_0x1ba4b50 .part v0x1ba3cf0_0, 0, 4;
    .scope S_0x1b8eb50;
T_0 ;
    %wait E_0x1b8f710;
    %load/vec4 v0x1ba43e0_0;
    %flag_set/vec4 8;
    %jmp/0xz  T_0.0, 8;
    %pushi/vec4 0, 0, 4;
    %assign/vec4 v0x1ba3fd0_0, 0;
    %jmp T_0.1;
T_0.0 ;
    %load/vec4 v0x1ba44a0_0;
    %flag_set/vec4 8;
    %jmp/0xz  T_0.2, 8;
    %load/vec4 v0x1ba3ea0_0;
    %assign/vec4 v0x1ba3fd0_0, 0;
T_0.2 ;
T_0.1 ;
    %jmp T_0;
    .thread T_0;
    .scope S_0x1b8eb50;
T_1 ;
    %wait E_0x1b8fa00;
    %load/vec4 v0x1ba3fd0_0;
    %load/vec4 v0x1ba3c10_0;
    %cmp/u;
    %jmp/0xz  T_1.0, 5;
    %load/vec4 v0x1ba3c10_0;
    %load/vec4 v0x1ba3fd0_0;
    %sub;
    %store/vec4 v0x1ba4270_0, 0, 4;
    %pushi/vec4 1, 0, 4;
    %store/vec4 v0x1ba40b0_0, 0, 4;
    %jmp T_1.1;
T_1.0 ;
    %load/vec4 v0x1ba3c10_0;
    %store/vec4 v0x1ba4270_0, 0, 4;
    %pushi/vec4 0, 0, 4;
    %store/vec4 v0x1ba40b0_0, 0, 4;
T_1.1 ;
    %jmp T_1;
    .thread T_1, $push;
    .scope S_0x1b8eb50;
T_2 ;
    %wait E_0x1b8f710;
    %load/vec4 v0x1ba43e0_0;
    %flag_set/vec4 8;
    %jmp/0xz  T_2.0, 8;
    %pushi/vec4 0, 0, 8;
    %assign/vec4 v0x1ba3cf0_0, 0;
    %jmp T_2.1;
T_2.0 ;
    %load/vec4 v0x1ba44a0_0;
    %flag_set/vec4 8;
    %jmp/0xz  T_2.2, 8;
    %pushi/vec4 0, 0, 4;
    %load/vec4 v0x1b8ed30_0;
    %concat/vec4; draw_concat_vec4
    %assign/vec4 v0x1ba3cf0_0, 0;
    %jmp T_2.3;
T_2.2 ;
    %load/vec4 v0x1ba4270_0;
    %load/vec4 v0x1ba3cf0_0;
    %parti/s 3, 0, 2;
    %concat/vec4; draw_concat_vec4
    %load/vec4 v0x1ba40b0_0;
    %concat/vec4; draw_concat_vec4
    %pad/u 8;
    %assign/vec4 v0x1ba3cf0_0, 0;
T_2.3 ;
T_2.1 ;
    %jmp T_2;
    .thread T_2;
    .scope S_0x1b77330;
T_3 ;
    %vpi_call 2 68 "$dumpfile", "dump.vcd" {0 0 0};
    %vpi_call 2 69 "$dumpvars" {0 0 0};
    %pushi/vec4 1, 0, 1;
    %store/vec4 v0x1ba49e0_0, 0, 1;
    %pushi/vec4 1, 0, 1;
    %store/vec4 v0x1ba4910_0, 0, 1;
    %pushi/vec4 0, 0, 1;
    %store/vec4 v0x1ba4a80_0, 0, 1;
    %pushi/vec4 10, 0, 4;
    %store/vec4 v0x1ba4660_0, 0, 4;
    %pushi/vec4 2, 0, 4;
    %store/vec4 v0x1ba4740_0, 0, 4;
    %wait E_0x1b8f710;
    %delay 1000, 0;
    %pushi/vec4 0, 0, 1;
    %store/vec4 v0x1ba49e0_0, 0, 1;
    %delay 5000, 0;
    %wait E_0x1b8f710;
    %delay 1000, 0;
    %pushi/vec4 1, 0, 1;
    %store/vec4 v0x1ba4a80_0, 0, 1;
    %wait E_0x1b8f710;
    %delay 1000, 0;
    %pushi/vec4 0, 0, 1;
    %store/vec4 v0x1ba4a80_0, 0, 1;
    %wait E_0x1b8f710;
    %vpi_call 2 84 "$finish" {0 0 0};
    %end;
    .thread T_3;
    .scope S_0x1b77330;
T_4 ;
    %delay 10000, 0;
    %load/vec4 v0x1ba4910_0;
    %inv;
    %store/vec4 v0x1ba4910_0, 0, 1;
    %jmp T_4;
    .thread T_4;
# The file index is used to find the file name in the following table.
:file_names 3;
    "N/A";
    "<interactive>";
    "div.v";
